2024-06-04 11:56:40 [main] INFO  ServiceLayer.User.UserService - User registered: SystemManager
2024-06-04 11:56:41 [main] INFO  ServiceLayer.User.UserService - User logged in: SystemManager
2024-06-04 11:56:41 [main] INFO  ServiceLayer.User.UserService - User registered: testUser
2024-06-04 11:56:41 [main] INFO  ServiceLayer.User.UserService - User logged in: testUser
2024-06-04 11:56:41 [main] INFO  ServiceLayer.Store.StoreManagementService - Store created by user: testUser
2024-06-04 11:56:41 [main] INFO  ServiceLayer.Store.StoreManagementService - Item added to store by user: testUser
2024-06-04 11:56:41 [main] INFO  ServiceLayer.User.UserService - Guest session created for user: guest0
2024-06-04 11:56:41 [main] INFO  ServiceLayer.User.UserService - Guest session terminated for user: guest0
2024-06-04 11:56:41 [main] INFO  ServiceLayer.User.UserService - User registered: testUser2
2024-06-04 11:56:42 [main] INFO  ServiceLayer.User.UserService - User logged in: testUser2
2024-06-04 11:56:42 [main] INFO  ServiceLayer.User.UserService - User logged out: testUser2
2024-06-04 11:56:42 [main] INFO  ServiceLayer.User.UserService - Viewing shopping cart for user: testUser
2024-06-04 11:56:42 [main] INFO  ServiceLayer.User.UserService - Added permission for user: testUser
2024-06-04 11:56:42 [main] INFO  ServiceLayer.User.UserService - Removed permission for user: testUser
2024-06-04 11:56:42 [main] INFO  ServiceLayer.User.UserService - Added item to basket for user: testUser
2024-06-04 11:56:42 [main] INFO  ServiceLayer.User.UserService - Modified shopping cart for user: testUser
2024-06-04 11:56:42 [main] INFO  ServiceLayer.User.UserService - Checkout shopping cart for user: testUser
2024-06-04 11:56:42 [main] ERROR ServiceLayer.User.UserService - Error logging in user: testUser
java.lang.IllegalArgumentException: user already logged in
	at DomainLayer.Market.User.User.login(User.java:83) ~[classes/:?]
	at DomainLayer.Market.User.UserController.login(UserController.java:78) ~[classes/:?]
	at ServiceLayer.User.UserService.login(UserService.java:75) ~[classes/:?]
	at AcceptanceTests.UserAT.tearDown(UserAT.java:54) ~[test-classes/:?]
	at jdk.internal.reflect.NativeMethodAccessorImpl.invoke0(Native Method) ~[?:?]
	at jdk.internal.reflect.NativeMethodAccessorImpl.invoke(NativeMethodAccessorImpl.java:77) ~[?:?]
	at jdk.internal.reflect.DelegatingMethodAccessorImpl.invoke(DelegatingMethodAccessorImpl.java:43) ~[?:?]
	at java.lang.reflect.Method.invoke(Method.java:568) ~[?:?]
	at org.junit.platform.commons.util.ReflectionUtils.invokeMethod(ReflectionUtils.java:765) ~[junit-platform-commons-1.11.0-M2.jar:1.11.0-M2]
	at org.junit.jupiter.engine.execution.MethodInvocation.proceed(MethodInvocation.java:60) ~[junit-jupiter-engine-5.11.0-M2.jar:5.11.0-M2]
	at org.junit.jupiter.engine.execution.InvocationInterceptorChain$ValidatingInvocation.proceed(InvocationInterceptorChain.java:131) ~[junit-jupiter-engine-5.11.0-M2.jar:5.11.0-M2]
	at org.junit.jupiter.engine.extension.TimeoutExtension.intercept(TimeoutExtension.java:156) ~[junit-jupiter-engine-5.11.0-M2.jar:5.11.0-M2]
	at org.junit.jupiter.engine.extension.TimeoutExtension.interceptLifecycleMethod(TimeoutExtension.java:128) ~[junit-jupiter-engine-5.11.0-M2.jar:5.11.0-M2]
	at org.junit.jupiter.engine.extension.TimeoutExtension.interceptAfterAllMethod(TimeoutExtension.java:118) ~[junit-jupiter-engine-5.11.0-M2.jar:5.11.0-M2]
	at org.junit.jupiter.engine.execution.InterceptingExecutableInvoker$ReflectiveInterceptorCall.lambda$ofVoidMethod$0(InterceptingExecutableInvoker.java:103) ~[junit-jupiter-engine-5.11.0-M2.jar:5.11.0-M2]
	at org.junit.jupiter.engine.execution.InterceptingExecutableInvoker.lambda$invoke$0(InterceptingExecutableInvoker.java:93) ~[junit-jupiter-engine-5.11.0-M2.jar:5.11.0-M2]
	at org.junit.jupiter.engine.execution.InvocationInterceptorChain$InterceptedInvocation.proceed(InvocationInterceptorChain.java:106) ~[junit-jupiter-engine-5.11.0-M2.jar:5.11.0-M2]
	at org.junit.jupiter.engine.execution.InvocationInterceptorChain.proceed(InvocationInterceptorChain.java:64) ~[junit-jupiter-engine-5.11.0-M2.jar:5.11.0-M2]
	at org.junit.jupiter.engine.execution.InvocationInterceptorChain.chainAndInvoke(InvocationInterceptorChain.java:45) ~[junit-jupiter-engine-5.11.0-M2.jar:5.11.0-M2]
	at org.junit.jupiter.engine.execution.InvocationInterceptorChain.invoke(InvocationInterceptorChain.java:37) ~[junit-jupiter-engine-5.11.0-M2.jar:5.11.0-M2]
	at org.junit.jupiter.engine.execution.InterceptingExecutableInvoker.invoke(InterceptingExecutableInvoker.java:92) ~[junit-jupiter-engine-5.11.0-M2.jar:5.11.0-M2]
	at org.junit.jupiter.engine.execution.InterceptingExecutableInvoker.invoke(InterceptingExecutableInvoker.java:86) ~[junit-jupiter-engine-5.11.0-M2.jar:5.11.0-M2]
	at org.junit.jupiter.engine.descriptor.ClassBasedTestDescriptor.lambda$invokeAfterAllMethods$15(ClassBasedTestDescriptor.java:440) ~[junit-jupiter-engine-5.11.0-M2.jar:5.11.0-M2]
	at org.junit.platform.engine.support.hierarchical.ThrowableCollector.execute(ThrowableCollector.java:73) ~[junit-platform-engine-1.11.0-M2.jar:1.11.0-M2]
	at org.junit.jupiter.engine.descriptor.ClassBasedTestDescriptor.lambda$invokeAfterAllMethods$16(ClassBasedTestDescriptor.java:438) ~[junit-jupiter-engine-5.11.0-M2.jar:5.11.0-M2]
	at java.util.ArrayList.forEach(ArrayList.java:1511) ~[?:?]
	at java.util.Collections$UnmodifiableCollection.forEach(Collections.java:1092) ~[?:?]
	at org.junit.jupiter.engine.descriptor.ClassBasedTestDescriptor.invokeAfterAllMethods(ClassBasedTestDescriptor.java:438) ~[junit-jupiter-engine-5.11.0-M2.jar:5.11.0-M2]
	at org.junit.jupiter.engine.descriptor.ClassBasedTestDescriptor.after(ClassBasedTestDescriptor.java:232) ~[junit-jupiter-engine-5.11.0-M2.jar:5.11.0-M2]
	at org.junit.jupiter.engine.descriptor.ClassBasedTestDescriptor.after(ClassBasedTestDescriptor.java:85) ~[junit-jupiter-engine-5.11.0-M2.jar:5.11.0-M2]
	at org.junit.platform.engine.support.hierarchical.NodeTestTask.lambda$executeRecursively$7(NodeTestTask.java:161) ~[junit-platform-engine-1.11.0-M2.jar:1.11.0-M2]
	at org.junit.platform.engine.support.hierarchical.ThrowableCollector.execute(ThrowableCollector.java:73) ~[junit-platform-engine-1.11.0-M2.jar:1.11.0-M2]
	at org.junit.platform.engine.support.hierarchical.NodeTestTask.lambda$executeRecursively$8(NodeTestTask.java:161) ~[junit-platform-engine-1.11.0-M2.jar:1.11.0-M2]
	at org.junit.platform.engine.support.hierarchical.Node.around(Node.java:137) ~[junit-platform-engine-1.11.0-M2.jar:1.11.0-M2]
	at org.junit.platform.engine.support.hierarchical.NodeTestTask.lambda$executeRecursively$9(NodeTestTask.java:139) ~[junit-platform-engine-1.11.0-M2.jar:1.11.0-M2]
	at org.junit.platform.engine.support.hierarchical.ThrowableCollector.execute(ThrowableCollector.java:73) ~[junit-platform-engine-1.11.0-M2.jar:1.11.0-M2]
	at org.junit.platform.engine.support.hierarchical.NodeTestTask.executeRecursively(NodeTestTask.java:138) ~[junit-platform-engine-1.11.0-M2.jar:1.11.0-M2]
	at org.junit.platform.engine.support.hierarchical.NodeTestTask.execute(NodeTestTask.java:95) ~[junit-platform-engine-1.11.0-M2.jar:1.11.0-M2]
	at java.util.ArrayList.forEach(ArrayList.java:1511) ~[?:?]
	at org.junit.platform.engine.support.hierarchical.SameThreadHierarchicalTestExecutorService.invokeAll(SameThreadHierarchicalTestExecutorService.java:41) ~[junit-platform-engine-1.11.0-M2.jar:1.11.0-M2]
	at org.junit.platform.engine.support.hierarchical.NodeTestTask.lambda$executeRecursively$6(NodeTestTask.java:155) ~[junit-platform-engine-1.11.0-M2.jar:1.11.0-M2]
	at org.junit.platform.engine.support.hierarchical.ThrowableCollector.execute(ThrowableCollector.java:73) ~[junit-platform-engine-1.11.0-M2.jar:1.11.0-M2]
	at org.junit.platform.engine.support.hierarchical.NodeTestTask.lambda$executeRecursively$8(NodeTestTask.java:141) ~[junit-platform-engine-1.11.0-M2.jar:1.11.0-M2]
	at org.junit.platform.engine.support.hierarchical.Node.around(Node.java:137) ~[junit-platform-engine-1.11.0-M2.jar:1.11.0-M2]
	at org.junit.platform.engine.support.hierarchical.NodeTestTask.lambda$executeRecursively$9(NodeTestTask.java:139) ~[junit-platform-engine-1.11.0-M2.jar:1.11.0-M2]
	at org.junit.platform.engine.support.hierarchical.ThrowableCollector.execute(ThrowableCollector.java:73) ~[junit-platform-engine-1.11.0-M2.jar:1.11.0-M2]
	at org.junit.platform.engine.support.hierarchical.NodeTestTask.executeRecursively(NodeTestTask.java:138) ~[junit-platform-engine-1.11.0-M2.jar:1.11.0-M2]
	at org.junit.platform.engine.support.hierarchical.NodeTestTask.execute(NodeTestTask.java:95) ~[junit-platform-engine-1.11.0-M2.jar:1.11.0-M2]
	at org.junit.platform.engine.support.hierarchical.SameThreadHierarchicalTestExecutorService.submit(SameThreadHierarchicalTestExecutorService.java:35) ~[junit-platform-engine-1.11.0-M2.jar:1.11.0-M2]
	at org.junit.platform.engine.support.hierarchical.HierarchicalTestExecutor.execute(HierarchicalTestExecutor.java:57) ~[junit-platform-engine-1.11.0-M2.jar:1.11.0-M2]
	at org.junit.platform.engine.support.hierarchical.HierarchicalTestEngine.execute(HierarchicalTestEngine.java:54) ~[junit-platform-engine-1.11.0-M2.jar:1.11.0-M2]
	at org.junit.platform.launcher.core.EngineExecutionOrchestrator.execute(EngineExecutionOrchestrator.java:198) ~[junit-platform-launcher-1.11.0-M2.jar:1.11.0-M2]
	at org.junit.platform.launcher.core.EngineExecutionOrchestrator.execute(EngineExecutionOrchestrator.java:169) ~[junit-platform-launcher-1.11.0-M2.jar:1.11.0-M2]
	at org.junit.platform.launcher.core.EngineExecutionOrchestrator.execute(EngineExecutionOrchestrator.java:93) ~[junit-platform-launcher-1.11.0-M2.jar:1.11.0-M2]
	at org.junit.platform.launcher.core.EngineExecutionOrchestrator.lambda$execute$0(EngineExecutionOrchestrator.java:58) ~[junit-platform-launcher-1.11.0-M2.jar:1.11.0-M2]
	at org.junit.platform.launcher.core.EngineExecutionOrchestrator.withInterceptedStreams(EngineExecutionOrchestrator.java:141) [junit-platform-launcher-1.11.0-M2.jar:1.11.0-M2]
	at org.junit.platform.launcher.core.EngineExecutionOrchestrator.execute(EngineExecutionOrchestrator.java:57) [junit-platform-launcher-1.11.0-M2.jar:1.11.0-M2]
	at org.junit.platform.launcher.core.DefaultLauncher.execute(DefaultLauncher.java:103) [junit-platform-launcher-1.11.0-M2.jar:1.11.0-M2]
	at org.junit.platform.launcher.core.DefaultLauncher.execute(DefaultLauncher.java:85) [junit-platform-launcher-1.11.0-M2.jar:1.11.0-M2]
	at org.junit.platform.launcher.core.DelegatingLauncher.execute(DelegatingLauncher.java:47) [junit-platform-launcher-1.11.0-M2.jar:1.11.0-M2]
	at org.junit.platform.launcher.core.SessionPerRequestLauncher.execute(SessionPerRequestLauncher.java:63) [junit-platform-launcher-1.11.0-M2.jar:1.11.0-M2]
	at com.intellij.junit5.JUnit5IdeaTestRunner.startRunnerWithArgs(JUnit5IdeaTestRunner.java:57) [junit5-rt.jar:?]
	at com.intellij.rt.junit.IdeaTestRunner$Repeater$1.execute(IdeaTestRunner.java:38) [junit-rt.jar:?]
	at com.intellij.rt.execution.junit.TestsRepeater.repeat(TestsRepeater.java:11) [idea_rt.jar:?]
	at com.intellij.rt.junit.IdeaTestRunner$Repeater.startRunnerWithArgs(IdeaTestRunner.java:35) [junit-rt.jar:?]
	at com.intellij.rt.junit.JUnitStarter.prepareStreamsAndStart(JUnitStarter.java:232) [junit-rt.jar:?]
	at com.intellij.rt.junit.JUnitStarter.main(JUnitStarter.java:55) [junit-rt.jar:?]
2024-06-04 11:56:42 [main] INFO  ServiceLayer.Store.StoreManagementService - Store removed by user: testUser
2024-06-04 11:56:42 [main] INFO  ServiceLayer.User.UserService - User registered: founderId
2024-06-04 11:56:42 [main] INFO  ServiceLayer.User.UserService - User registered: ManagerId
2024-06-04 11:56:42 [main] INFO  ServiceLayer.User.UserService - User logged in: founderId
2024-06-04 11:56:42 [main] INFO  ServiceLayer.Store.StoreManagementService - Store created by user: founderId
2024-06-04 11:56:42 [main] INFO  ServiceLayer.Store.StoreManagementService - Item added to store by user: founderId
2024-06-04 11:56:42 [main] INFO  ServiceLayer.Store.StoreManagementService - Item added to store by user: founderId
2024-06-04 11:56:42 [main] INFO  ServiceLayer.Store.StoreManagementService - Item updated in store by user: founderId
2024-06-04 11:56:42 [main] INFO  ServiceLayer.Store.StoreManagementService - Item added to store by user: founderId
2024-06-04 11:56:42 [main] INFO  ServiceLayer.Store.StoreManagementService - Item deleted from store by user: founderId
2024-06-04 11:56:42 [main] INFO  ServiceLayer.Store.StoreManagementService - Store policy changed by user: founderId
2024-06-04 11:56:42 [main] INFO  ServiceLayer.Store.StoreManagementService - Discount type changed by user: founderId
2024-06-04 11:56:42 [main] INFO  ServiceLayer.Store.StoreManagementService - Viewing management info for store by user: founderId
2024-06-04 11:56:42 [main] INFO  ServiceLayer.Store.StoreManagementService - Viewing purchase history for store by user: founderId
2024-06-04 11:56:42 [main] INFO  ServiceLayer.Store.StoreManagementService - Store manager assigned by user: founderId
2024-06-04 11:56:42 [main] INFO  ServiceLayer.Store.StoreManagementService - Store owner assigned by user: founderId
2024-06-04 11:56:42 [main] INFO  ServiceLayer.Store.StoreManagementService - Store removed by user: founderId
2024-06-04 11:56:42 [main] INFO  ServiceLayer.Store.StoreManagementService - Store removed by user: founderId
2024-06-04 11:56:42 [main] ERROR ServiceLayer.User.UserService - Error registering user: founderId
java.lang.Exception: username already exists
	at DomainLayer.Market.User.UserController.register(UserController.java:67) ~[classes/:?]
	at ServiceLayer.User.UserService.register(UserService.java:64) ~[classes/:?]
	at AcceptanceTests.StoreBuyerAT.setUp(StoreBuyerAT.java:39) ~[test-classes/:?]
	at jdk.internal.reflect.NativeMethodAccessorImpl.invoke0(Native Method) ~[?:?]
	at jdk.internal.reflect.NativeMethodAccessorImpl.invoke(NativeMethodAccessorImpl.java:77) ~[?:?]
	at jdk.internal.reflect.DelegatingMethodAccessorImpl.invoke(DelegatingMethodAccessorImpl.java:43) ~[?:?]
	at java.lang.reflect.Method.invoke(Method.java:568) ~[?:?]
	at org.junit.platform.commons.util.ReflectionUtils.invokeMethod(ReflectionUtils.java:765) ~[junit-platform-commons-1.11.0-M2.jar:1.11.0-M2]
	at org.junit.jupiter.engine.execution.MethodInvocation.proceed(MethodInvocation.java:60) ~[junit-jupiter-engine-5.11.0-M2.jar:5.11.0-M2]
	at org.junit.jupiter.engine.execution.InvocationInterceptorChain$ValidatingInvocation.proceed(InvocationInterceptorChain.java:131) ~[junit-jupiter-engine-5.11.0-M2.jar:5.11.0-M2]
	at org.junit.jupiter.engine.extension.TimeoutExtension.intercept(TimeoutExtension.java:156) ~[junit-jupiter-engine-5.11.0-M2.jar:5.11.0-M2]
	at org.junit.jupiter.engine.extension.TimeoutExtension.interceptLifecycleMethod(TimeoutExtension.java:128) ~[junit-jupiter-engine-5.11.0-M2.jar:5.11.0-M2]
	at org.junit.jupiter.engine.extension.TimeoutExtension.interceptBeforeAllMethod(TimeoutExtension.java:70) ~[junit-jupiter-engine-5.11.0-M2.jar:5.11.0-M2]
	at org.junit.jupiter.engine.execution.InterceptingExecutableInvoker$ReflectiveInterceptorCall.lambda$ofVoidMethod$0(InterceptingExecutableInvoker.java:103) ~[junit-jupiter-engine-5.11.0-M2.jar:5.11.0-M2]
	at org.junit.jupiter.engine.execution.InterceptingExecutableInvoker.lambda$invoke$0(InterceptingExecutableInvoker.java:93) ~[junit-jupiter-engine-5.11.0-M2.jar:5.11.0-M2]
	at org.junit.jupiter.engine.execution.InvocationInterceptorChain$InterceptedInvocation.proceed(InvocationInterceptorChain.java:106) ~[junit-jupiter-engine-5.11.0-M2.jar:5.11.0-M2]
	at org.junit.jupiter.engine.execution.InvocationInterceptorChain.proceed(InvocationInterceptorChain.java:64) ~[junit-jupiter-engine-5.11.0-M2.jar:5.11.0-M2]
	at org.junit.jupiter.engine.execution.InvocationInterceptorChain.chainAndInvoke(InvocationInterceptorChain.java:45) ~[junit-jupiter-engine-5.11.0-M2.jar:5.11.0-M2]
	at org.junit.jupiter.engine.execution.InvocationInterceptorChain.invoke(InvocationInterceptorChain.java:37) ~[junit-jupiter-engine-5.11.0-M2.jar:5.11.0-M2]
	at org.junit.jupiter.engine.execution.InterceptingExecutableInvoker.invoke(InterceptingExecutableInvoker.java:92) ~[junit-jupiter-engine-5.11.0-M2.jar:5.11.0-M2]
	at org.junit.jupiter.engine.execution.InterceptingExecutableInvoker.invoke(InterceptingExecutableInvoker.java:86) ~[junit-jupiter-engine-5.11.0-M2.jar:5.11.0-M2]
	at org.junit.jupiter.engine.descriptor.ClassBasedTestDescriptor.lambda$invokeBeforeAllMethods$13(ClassBasedTestDescriptor.java:412) ~[junit-jupiter-engine-5.11.0-M2.jar:5.11.0-M2]
	at org.junit.platform.engine.support.hierarchical.ThrowableCollector.execute(ThrowableCollector.java:73) ~[junit-platform-engine-1.11.0-M2.jar:1.11.0-M2]
	at org.junit.jupiter.engine.descriptor.ClassBasedTestDescriptor.invokeBeforeAllMethods(ClassBasedTestDescriptor.java:410) ~[junit-jupiter-engine-5.11.0-M2.jar:5.11.0-M2]
	at org.junit.jupiter.engine.descriptor.ClassBasedTestDescriptor.before(ClassBasedTestDescriptor.java:216) ~[junit-jupiter-engine-5.11.0-M2.jar:5.11.0-M2]
	at org.junit.jupiter.engine.descriptor.ClassBasedTestDescriptor.before(ClassBasedTestDescriptor.java:85) ~[junit-jupiter-engine-5.11.0-M2.jar:5.11.0-M2]
	at org.junit.platform.engine.support.hierarchical.NodeTestTask.lambda$executeRecursively$6(NodeTestTask.java:148) ~[junit-platform-engine-1.11.0-M2.jar:1.11.0-M2]
	at org.junit.platform.engine.support.hierarchical.ThrowableCollector.execute(ThrowableCollector.java:73) ~[junit-platform-engine-1.11.0-M2.jar:1.11.0-M2]
	at org.junit.platform.engine.support.hierarchical.NodeTestTask.lambda$executeRecursively$8(NodeTestTask.java:141) ~[junit-platform-engine-1.11.0-M2.jar:1.11.0-M2]
	at org.junit.platform.engine.support.hierarchical.Node.around(Node.java:137) ~[junit-platform-engine-1.11.0-M2.jar:1.11.0-M2]
	at org.junit.platform.engine.support.hierarchical.NodeTestTask.lambda$executeRecursively$9(NodeTestTask.java:139) ~[junit-platform-engine-1.11.0-M2.jar:1.11.0-M2]
	at org.junit.platform.engine.support.hierarchical.ThrowableCollector.execute(ThrowableCollector.java:73) ~[junit-platform-engine-1.11.0-M2.jar:1.11.0-M2]
	at org.junit.platform.engine.support.hierarchical.NodeTestTask.executeRecursively(NodeTestTask.java:138) ~[junit-platform-engine-1.11.0-M2.jar:1.11.0-M2]
	at org.junit.platform.engine.support.hierarchical.NodeTestTask.execute(NodeTestTask.java:95) ~[junit-platform-engine-1.11.0-M2.jar:1.11.0-M2]
	at java.util.ArrayList.forEach(ArrayList.java:1511) ~[?:?]
	at org.junit.platform.engine.support.hierarchical.SameThreadHierarchicalTestExecutorService.invokeAll(SameThreadHierarchicalTestExecutorService.java:41) ~[junit-platform-engine-1.11.0-M2.jar:1.11.0-M2]
	at org.junit.platform.engine.support.hierarchical.NodeTestTask.lambda$executeRecursively$6(NodeTestTask.java:155) ~[junit-platform-engine-1.11.0-M2.jar:1.11.0-M2]
	at org.junit.platform.engine.support.hierarchical.ThrowableCollector.execute(ThrowableCollector.java:73) ~[junit-platform-engine-1.11.0-M2.jar:1.11.0-M2]
	at org.junit.platform.engine.support.hierarchical.NodeTestTask.lambda$executeRecursively$8(NodeTestTask.java:141) ~[junit-platform-engine-1.11.0-M2.jar:1.11.0-M2]
	at org.junit.platform.engine.support.hierarchical.Node.around(Node.java:137) ~[junit-platform-engine-1.11.0-M2.jar:1.11.0-M2]
	at org.junit.platform.engine.support.hierarchical.NodeTestTask.lambda$executeRecursively$9(NodeTestTask.java:139) ~[junit-platform-engine-1.11.0-M2.jar:1.11.0-M2]
	at org.junit.platform.engine.support.hierarchical.ThrowableCollector.execute(ThrowableCollector.java:73) ~[junit-platform-engine-1.11.0-M2.jar:1.11.0-M2]
	at org.junit.platform.engine.support.hierarchical.NodeTestTask.executeRecursively(NodeTestTask.java:138) ~[junit-platform-engine-1.11.0-M2.jar:1.11.0-M2]
	at org.junit.platform.engine.support.hierarchical.NodeTestTask.execute(NodeTestTask.java:95) ~[junit-platform-engine-1.11.0-M2.jar:1.11.0-M2]
	at org.junit.platform.engine.support.hierarchical.SameThreadHierarchicalTestExecutorService.submit(SameThreadHierarchicalTestExecutorService.java:35) ~[junit-platform-engine-1.11.0-M2.jar:1.11.0-M2]
	at org.junit.platform.engine.support.hierarchical.HierarchicalTestExecutor.execute(HierarchicalTestExecutor.java:57) ~[junit-platform-engine-1.11.0-M2.jar:1.11.0-M2]
	at org.junit.platform.engine.support.hierarchical.HierarchicalTestEngine.execute(HierarchicalTestEngine.java:54) ~[junit-platform-engine-1.11.0-M2.jar:1.11.0-M2]
	at org.junit.platform.launcher.core.EngineExecutionOrchestrator.execute(EngineExecutionOrchestrator.java:198) ~[junit-platform-launcher-1.11.0-M2.jar:1.11.0-M2]
	at org.junit.platform.launcher.core.EngineExecutionOrchestrator.execute(EngineExecutionOrchestrator.java:169) ~[junit-platform-launcher-1.11.0-M2.jar:1.11.0-M2]
	at org.junit.platform.launcher.core.EngineExecutionOrchestrator.execute(EngineExecutionOrchestrator.java:93) ~[junit-platform-launcher-1.11.0-M2.jar:1.11.0-M2]
	at org.junit.platform.launcher.core.EngineExecutionOrchestrator.lambda$execute$0(EngineExecutionOrchestrator.java:58) ~[junit-platform-launcher-1.11.0-M2.jar:1.11.0-M2]
	at org.junit.platform.launcher.core.EngineExecutionOrchestrator.withInterceptedStreams(EngineExecutionOrchestrator.java:141) [junit-platform-launcher-1.11.0-M2.jar:1.11.0-M2]
	at org.junit.platform.launcher.core.EngineExecutionOrchestrator.execute(EngineExecutionOrchestrator.java:57) [junit-platform-launcher-1.11.0-M2.jar:1.11.0-M2]
	at org.junit.platform.launcher.core.DefaultLauncher.execute(DefaultLauncher.java:103) [junit-platform-launcher-1.11.0-M2.jar:1.11.0-M2]
	at org.junit.platform.launcher.core.DefaultLauncher.execute(DefaultLauncher.java:85) [junit-platform-launcher-1.11.0-M2.jar:1.11.0-M2]
	at org.junit.platform.launcher.core.DelegatingLauncher.execute(DelegatingLauncher.java:47) [junit-platform-launcher-1.11.0-M2.jar:1.11.0-M2]
	at org.junit.platform.launcher.core.SessionPerRequestLauncher.execute(SessionPerRequestLauncher.java:63) [junit-platform-launcher-1.11.0-M2.jar:1.11.0-M2]
	at com.intellij.junit5.JUnit5IdeaTestRunner.startRunnerWithArgs(JUnit5IdeaTestRunner.java:57) [junit5-rt.jar:?]
	at com.intellij.rt.junit.IdeaTestRunner$Repeater$1.execute(IdeaTestRunner.java:38) [junit-rt.jar:?]
	at com.intellij.rt.execution.junit.TestsRepeater.repeat(TestsRepeater.java:11) [idea_rt.jar:?]
	at com.intellij.rt.junit.IdeaTestRunner$Repeater.startRunnerWithArgs(IdeaTestRunner.java:35) [junit-rt.jar:?]
	at com.intellij.rt.junit.JUnitStarter.prepareStreamsAndStart(JUnitStarter.java:232) [junit-rt.jar:?]
	at com.intellij.rt.junit.JUnitStarter.main(JUnitStarter.java:55) [junit-rt.jar:?]
2024-06-04 11:56:42 [main] INFO  ServiceLayer.Store.StoreBuyerService - General search by keyword: Laptop and category: Electronics
2024-06-04 11:56:42 [main] INFO  ServiceLayer.Store.StoreBuyerService - General search by category: Electronics
2024-06-04 11:56:42 [main] INFO  ServiceLayer.Store.StoreBuyerService - Search in store by category: Electronics for store: 7089245438991819985
2024-06-04 11:56:42 [main] INFO  ServiceLayer.Store.StoreBuyerService - Search in store by keyword: Laptop and category: Electronics for store: 7089245438991819985
2024-06-04 11:56:42 [main] INFO  ServiceLayer.Store.StoreBuyerService - General search by keyword: Laptop
2024-06-04 11:56:42 [main] INFO  ServiceLayer.Store.StoreBuyerService - Retrieved all store info
2024-06-04 11:56:42 [main] INFO  ServiceLayer.Store.StoreBuyerService - Retrieved all products info for store: 7089245438991819985
2024-06-04 11:56:42 [main] INFO  ServiceLayer.Store.StoreBuyerService - Search in store by keyword: Laptop for store: 7089245438991819985
2024-06-04 11:56:42 [main] INFO  ServiceLayer.Store.StoreManagementService - View market purchase history by: SystemManager
